\BOOKMARK [0][-]{chapter.1}{\376\377\0001\000\040\000H\000i\000e\000r\000a\000r\000c\000h\000i\000c\000a\000l\000\040\000I\000n\000d\000e\000x}{}% 1
\BOOKMARK [1][-]{section.1.1}{\376\377\0001\000.\0001\000\040\000C\000l\000a\000s\000s\000\040\000H\000i\000e\000r\000a\000r\000c\000h\000y}{chapter.1}% 2
\BOOKMARK [0][-]{chapter.2}{\376\377\0002\000\040\000C\000l\000a\000s\000s\000\040\000I\000n\000d\000e\000x}{}% 3
\BOOKMARK [1][-]{section.2.1}{\376\377\0002\000.\0001\000\040\000C\000l\000a\000s\000s\000\040\000L\000i\000s\000t}{chapter.2}% 4
\BOOKMARK [0][-]{chapter.3}{\376\377\0003\000\040\000C\000l\000a\000s\000s\000\040\000D\000o\000c\000u\000m\000e\000n\000t\000a\000t\000i\000o\000n}{}% 5
\BOOKMARK [1][-]{section.3.1}{\376\377\0003\000.\0001\000\040\000r\000a\000n\000d\000o\000m\000o\000r\000g\000\137\000d\000o\000c\000u\000m\000e\000n\000t\000a\000t\000i\000o\000n\000.\000C\000l\000i\000e\000n\000t\000.\000C\000l\000i\000e\000n\000t\000\040\000C\000l\000a\000s\000s\000\040\000R\000e\000f\000e\000r\000e\000n\000c\000e}{chapter.3}% 6
\BOOKMARK [2][-]{subsection.3.1.1}{\376\377\0003\000.\0001\000.\0001\000\040\000D\000e\000t\000a\000i\000l\000e\000d\000\040\000D\000e\000s\000c\000r\000i\000p\000t\000i\000o\000n}{section.3.1}% 7
\BOOKMARK [2][-]{subsection.3.1.2}{\376\377\0003\000.\0001\000.\0002\000\040\000C\000o\000n\000s\000t\000r\000u\000c\000t\000o\000r\000\040\000\046\000\040\000D\000e\000s\000t\000r\000u\000c\000t\000o\000r\000\040\000D\000o\000c\000u\000m\000e\000n\000t\000a\000t\000i\000o\000n}{section.3.1}% 8
\BOOKMARK [3][-]{subsubsection.3.1.2.1}{\376\377\0003\000.\0001\000.\0002\000.\0001\000\040\000\137\000\137\000i\000n\000i\000t\000\137\000\137\000\050\000\051}{subsection.3.1.2}% 9
\BOOKMARK [2][-]{subsection.3.1.3}{\376\377\0003\000.\0001\000.\0003\000\040\000M\000e\000m\000b\000e\000r\000\040\000F\000u\000n\000c\000t\000i\000o\000n\000\040\000D\000o\000c\000u\000m\000e\000n\000t\000a\000t\000i\000o\000n}{section.3.1}% 10
\BOOKMARK [3][-]{subsubsection.3.1.3.1}{\376\377\0003\000.\0001\000.\0003\000.\0001\000\040\000g\000e\000n\000B\000l\000o\000b\000\050\000\051}{subsection.3.1.3}% 11
\BOOKMARK [3][-]{subsubsection.3.1.3.2}{\376\377\0003\000.\0001\000.\0003\000.\0002\000\040\000g\000e\000n\000D\000e\000c\000F\000r\000a\000c\000\050\000\051}{subsection.3.1.3}% 12
\BOOKMARK [3][-]{subsubsection.3.1.3.3}{\376\377\0003\000.\0001\000.\0003\000.\0003\000\040\000g\000e\000n\000G\000a\000u\000s\000s\000\050\000\051}{subsection.3.1.3}% 13
\BOOKMARK [3][-]{subsubsection.3.1.3.4}{\376\377\0003\000.\0001\000.\0003\000.\0004\000\040\000g\000e\000n\000I\000n\000t\000\050\000\051}{subsection.3.1.3}% 14
\BOOKMARK [3][-]{subsubsection.3.1.3.5}{\376\377\0003\000.\0001\000.\0003\000.\0005\000\040\000g\000e\000n\000I\000n\000t\000S\000e\000q\000\050\000\051}{subsection.3.1.3}% 15
\BOOKMARK [3][-]{subsubsection.3.1.3.6}{\376\377\0003\000.\0001\000.\0003\000.\0006\000\040\000g\000e\000n\000S\000t\000r\000\050\000\051}{subsection.3.1.3}% 16
\BOOKMARK [3][-]{subsubsection.3.1.3.7}{\376\377\0003\000.\0001\000.\0003\000.\0007\000\040\000g\000e\000n\000U\000U\000I\000D\000\050\000\051}{subsection.3.1.3}% 17
\BOOKMARK [3][-]{subsubsection.3.1.3.8}{\376\377\0003\000.\0001\000.\0003\000.\0008\000\040\000g\000e\000t\000I\000d\000\050\000\051}{subsection.3.1.3}% 18
\BOOKMARK [3][-]{subsubsection.3.1.3.9}{\376\377\0003\000.\0001\000.\0003\000.\0009\000\040\000g\000e\000t\000T\000o\000k\000e\000n\000\050\000\051}{subsection.3.1.3}% 19
\BOOKMARK [3][-]{subsubsection.3.1.3.10}{\376\377\0003\000.\0001\000.\0003\000.\0001\0000\000\040\000g\000e\000t\000U\000s\000a\000g\000e\000\050\000\051}{subsection.3.1.3}% 20
\BOOKMARK [3][-]{subsubsection.3.1.3.11}{\376\377\0003\000.\0001\000.\0003\000.\0001\0001\000\040\000s\000e\000t\000I\000d\000\050\000\051}{subsection.3.1.3}% 21
\BOOKMARK [3][-]{subsubsection.3.1.3.12}{\376\377\0003\000.\0001\000.\0003\000.\0001\0002\000\040\000s\000e\000t\000T\000o\000k\000e\000n\000\050\000\051}{subsection.3.1.3}% 22
\BOOKMARK [1][-]{section.3.2}{\376\377\0003\000.\0002\000\040\000r\000a\000n\000d\000o\000m\000o\000r\000g\000\137\000d\000o\000c\000u\000m\000e\000n\000t\000a\000t\000i\000o\000n\000.\000E\000x\000c\000e\000p\000t\000i\000o\000n\000s\000.\000W\000r\000o\000n\000g\000L\000e\000n\000g\000t\000h\000E\000x\000c\000e\000p\000t\000i\000o\000n\000\040\000C\000l\000a\000s\000s\000\040\000R\000e\000f\000e\000r\000e\000n\000c\000e}{chapter.3}% 23
\BOOKMARK [2][-]{subsection.3.2.1}{\376\377\0003\000.\0002\000.\0001\000\040\000D\000e\000t\000a\000i\000l\000e\000d\000\040\000D\000e\000s\000c\000r\000i\000p\000t\000i\000o\000n}{section.3.2}% 24
\BOOKMARK [1][-]{section.3.3}{\376\377\0003\000.\0003\000\040\000r\000a\000n\000d\000o\000m\000o\000r\000g\000\137\000d\000o\000c\000u\000m\000e\000n\000t\000a\000t\000i\000o\000n\000.\000E\000x\000c\000e\000p\000t\000i\000o\000n\000s\000.\000W\000r\000o\000n\000g\000R\000a\000n\000g\000e\000E\000x\000c\000e\000p\000t\000i\000o\000n\000\040\000C\000l\000a\000s\000s\000\040\000R\000e\000f\000e\000r\000e\000n\000c\000e}{chapter.3}% 25
\BOOKMARK [2][-]{subsection.3.3.1}{\376\377\0003\000.\0003\000.\0001\000\040\000D\000e\000t\000a\000i\000l\000e\000d\000\040\000D\000e\000s\000c\000r\000i\000p\000t\000i\000o\000n}{section.3.3}% 26
\BOOKMARK [1][-]{section.3.4}{\376\377\0003\000.\0004\000\040\000r\000a\000n\000d\000o\000m\000o\000r\000g\000\137\000d\000o\000c\000u\000m\000e\000n\000t\000a\000t\000i\000o\000n\000.\000E\000x\000c\000e\000p\000t\000i\000o\000n\000s\000.\000W\000r\000o\000n\000g\000V\000a\000l\000u\000e\000E\000x\000c\000e\000p\000t\000i\000o\000n\000\040\000C\000l\000a\000s\000s\000\040\000R\000e\000f\000e\000r\000e\000n\000c\000e}{chapter.3}% 27
\BOOKMARK [2][-]{subsection.3.4.1}{\376\377\0003\000.\0004\000.\0001\000\040\000D\000e\000t\000a\000i\000l\000e\000d\000\040\000D\000e\000s\000c\000r\000i\000p\000t\000i\000o\000n}{section.3.4}% 28
\BOOKMARK [0][-]{section*.16}{\376\377\000I\000n\000d\000e\000x}{}% 29
